<?xml version="1.0" encoding="UTF-8"?>
<!-- Generated by org.testng.reporters.JUnitReportReporter -->
<testsuite hostname="GVG139" failures="0" tests="1" name="com.pom.TaraMerchant.Login_Test" time="72.211" errors="0" timestamp="16 Aug 2022 09:05:42 GMT">
  <testcase classname="com.pom.TaraMerchant.Login_Test" name="logintest" time="72.211"/>
</testsuite> <!-- com.pom.TaraMerchant.Login_Test -->
