<?xml version="1.0" encoding="UTF-8"?>
<!-- Generated by org.testng.reporters.JUnitReportReporter -->
<testsuite hostname="GVG139" failures="0" tests="1" name="com.pom.TaraMerchant.OrderExceedLimit_Test" time="117.059" errors="0" timestamp="29 Aug 2022 11:13:55 GMT">
  <testcase classname="com.pom.TaraMerchant.OrderExceedLimit_Test" name="ordexceedLimit" time="117.059"/>
</testsuite> <!-- com.pom.TaraMerchant.OrderExceedLimit_Test -->
