<?xml version="1.0" encoding="UTF-8"?>
<!-- Generated by org.testng.reporters.JUnitReportReporter -->
<testsuite hostname="GVG139" failures="0" tests="1" name="com.pom.TaraMerchant.OrderProducts_IndividualUser" time="81.328" errors="0" timestamp="22 Aug 2022 07:47:44 GMT">
  <testcase classname="com.pom.TaraMerchant.OrderProducts_IndividualUser" name="OrderProducts_IndividualUser" time="81.328"/>
</testsuite> <!-- com.pom.TaraMerchant.OrderProducts_IndividualUser -->
