<?xml version="1.0" encoding="UTF-8"?>
<!-- Generated by org.testng.reporters.JUnitReportReporter -->
<testsuite hostname="GVG139" failures="0" tests="1" name="com.pom.TaraMerchant.ColectMoney_Test" time="91.437" errors="0" timestamp="25 Aug 2022 10:53:51 GMT">
  <testcase classname="com.pom.TaraMerchant.ColectMoney_Test" name="ColletMoney" time="91.437"/>
</testsuite> <!-- com.pom.TaraMerchant.ColectMoney_Test -->
