<?xml version="1.0" encoding="UTF-8"?>
<!-- Generated by org.testng.reporters.JUnitReportReporter -->
<testsuite hostname="GVG139" failures="0" tests="1" name="com.pom.TaraMerchant.practice" time="53.716" errors="0" timestamp="1 Sep 2022 07:31:20 GMT">
  <testcase classname="com.pom.TaraMerchant.practice" name="InventoryOutOfStocks" time="53.716"/>
</testsuite> <!-- com.pom.TaraMerchant.practice -->
