<?xml version="1.0" encoding="UTF-8"?>
<!-- Generated by org.testng.reporters.JUnitReportReporter -->
<testsuite hostname="GVG139" failures="0" tests="1" name="com.pom.TaraMerchant.ChangeLanguage_Test" time="53.254" errors="0" timestamp="25 Aug 2022 07:32:08 GMT">
  <testcase classname="com.pom.TaraMerchant.ChangeLanguage_Test" name="ChangeLanguage" time="53.254"/>
</testsuite> <!-- com.pom.TaraMerchant.ChangeLanguage_Test -->
