<?xml version="1.0" encoding="UTF-8"?>
<!-- Generated by org.testng.reporters.JUnitReportReporter -->
<testsuite hostname="GVG139" failures="0" tests="1" name="com.pom.TaraMerchant.Inventorymgt_Test" time="144.498" errors="0" timestamp="29 Aug 2022 07:01:25 GMT">
  <testcase classname="com.pom.TaraMerchant.Inventorymgt_Test" name="Test1_addproduct" time="144.498"/>
</testsuite> <!-- com.pom.TaraMerchant.Inventorymgt_Test -->
