<?xml version="1.0" encoding="UTF-8"?>
<!-- Generated by org.testng.reporters.JUnitReportReporter -->
<testsuite hostname="GVG139" failures="0" tests="2" name="com.pom.TaraMerchant.POS_Order_Test" time="163.463" errors="0" timestamp="30 Aug 2022 06:15:31 GMT">
  <testcase classname="com.pom.TaraMerchant.POS_Order_Test" name="POS_Order_Cash" time="130.121"/>
  <testcase classname="com.pom.TaraMerchant.POS_Order_Test" name="POS_Order_Link" time="33.342"/>
</testsuite> <!-- com.pom.TaraMerchant.POS_Order_Test -->
