<?xml version="1.0" encoding="UTF-8"?>
<!-- Generated by org.testng.reporters.JUnitReportReporter -->
<testsuite hostname="GVG139" failures="0" tests="1" name="com.pom.TaraMerchant.DashBoard_Test" time="95.126" errors="0" timestamp="25 Aug 2022 05:51:24 GMT">
  <testcase classname="com.pom.TaraMerchant.DashBoard_Test" name="Test1_addproduct" time="95.126"/>
</testsuite> <!-- com.pom.TaraMerchant.DashBoard_Test -->
