<?xml version="1.0" encoding="UTF-8"?>
<!-- Generated by org.testng.reporters.JUnitReportReporter -->
<testsuite hostname="GVG139" failures="0" tests="1" name="com.pom.TaraMerchant.voucher_Test" time="181.420" errors="0" timestamp="23 Aug 2022 11:14:52 GMT">
  <testcase classname="com.pom.TaraMerchant.voucher_Test" name="Test1_addproduct" time="181.420"/>
</testsuite> <!-- com.pom.TaraMerchant.voucher_Test -->
