<?xml version="1.0" encoding="UTF-8"?>
<!-- Generated by org.testng.reporters.JUnitReportReporter -->
<testsuite hostname="GVG139" failures="0" tests="6" name="com.pom.TaraMerchant.AddProduct_Test" time="235.748" errors="0" timestamp="25 Aug 2022 07:11:58 GMT">
  <testcase classname="com.pom.TaraMerchant.AddProduct_Test" name="Test3_Deleteproduct" time="6.785"/>
  <testcase classname="com.pom.TaraMerchant.AddProduct_Test" name="Test2_EditProduct" time="28.402"/>
  <testcase classname="com.pom.TaraMerchant.AddProduct_Test" name="Test6_SearchProduct" time="10.639"/>
  <testcase classname="com.pom.TaraMerchant.AddProduct_Test" name="Test1_addproduct" time="112.293"/>
  <testcase classname="com.pom.TaraMerchant.AddProduct_Test" name="Test4_AddproductmoreDiscountthanprice" time="39.667"/>
  <testcase classname="com.pom.TaraMerchant.AddProduct_Test" name="Test5_AddProductWithoutName" time="37.962"/>
</testsuite> <!-- com.pom.TaraMerchant.AddProduct_Test -->
