<?xml version="1.0" encoding="UTF-8"?>
<!-- Generated by org.testng.reporters.JUnitReportReporter -->
<testsuite hostname="GVG139" failures="0" tests="1" name="com.pom.TaraMerchant.Logout_Test" time="62.964" errors="0" timestamp="16 Aug 2022 11:19:07 GMT">
  <testcase classname="com.pom.TaraMerchant.Logout_Test" name="Logout" time="62.964"/>
</testsuite> <!-- com.pom.TaraMerchant.Logout_Test -->
