<?xml version="1.0" encoding="UTF-8"?>
<!-- Generated by org.testng.reporters.JUnitReportReporter -->
<testsuite hostname="GVG139" failures="0" tests="1" name="com.pom.TaraMerchant.OrderNewToCompleted_Test" time="156.674" errors="0" timestamp="1 Sep 2022 06:16:59 GMT">
  <testcase classname="com.pom.TaraMerchant.OrderNewToCompleted_Test" name="ordexceedLimit" time="156.674"/>
</testsuite> <!-- com.pom.TaraMerchant.OrderNewToCompleted_Test -->
