<?xml version="1.0" encoding="UTF-8"?>
<!-- Generated by org.testng.reporters.JUnitReportReporter -->
<testsuite hostname="GVG139" failures="0" tests="1" name="com.pom.TaraMerchant.Store_creation" time="212.452" errors="0" timestamp="25 Aug 2022 13:16:21 GMT">
  <testcase classname="com.pom.TaraMerchant.Store_creation" name="StoreCreation" time="212.452"/>
</testsuite> <!-- com.pom.TaraMerchant.Store_creation -->
